<?xml version="1.0" encoding="UTF-8"?>
<!-- Generated by org.testng.reporters.JUnitXMLReporter -->
<testsuite ignored="0" hostname="LAPTOP-NPEQ6NRP" failures="0" tests="6" name="Default test" time="15.842" errors="0" timestamp="2026-06-09T18:27:21 IST">
  <testcase classname="api.tests.DDTTest" name="testCreateUser" time="5.605"/>
  <testcase classname="api.tests.DDTTest" name="testCreateUser" time="1.413"/>
  <testcase classname="api.tests.DDTTest" name="testCreateUser" time="1.532"/>
  <testcase classname="api.tests.DDTTest" name="testdeleteUserByName" time="1.504"/>
  <testcase classname="api.tests.DDTTest" name="testdeleteUserByName" time="1.341"/>
  <testcase classname="api.tests.DDTTest" name="testdeleteUserByName" time="1.521"/>
</testsuite> <!-- Default test -->
