<?xml version="1.0" encoding="UTF-8"?>
<!-- Generated by org.testng.reporters.JUnitXMLReporter -->
<testsuite ignored="0" hostname="LAPTOP-NPEQ6NRP" failures="0" tests="6" name="Test" time="18.375" errors="0" timestamp="2026-06-11T18:40:17 IST">
  <testcase classname="api.tests.DDTTest_FromProperties" name="testCreateUser" time="5.309"/>
  <testcase classname="api.tests.DDTTest_FromProperties" name="testCreateUser" time="1.223"/>
  <testcase classname="api.tests.DDTTest_FromProperties" name="testCreateUser" time="2.471"/>
  <testcase classname="api.tests.DDTTest_FromProperties" name="testdeleteUserByName" time="1.268"/>
  <testcase classname="api.tests.DDTTest_FromProperties" name="testdeleteUserByName" time="1.14"/>
  <testcase classname="api.tests.DDTTest_FromProperties" name="testdeleteUserByName" time="1.324"/>
</testsuite> <!-- Test -->
