<?xml version="1.0" encoding="UTF-8"?>
<!-- Generated by org.testng.reporters.JUnitReportReporter -->
<testsuite hostname="LAPTOP-NPEQ6NRP" failures="0" tests="6" name="api.tests.DDTTest" time="11.848" errors="0" timestamp="2026-06-11T15:41:47 IST" skipped="0">
  <testcase classname="api.tests.DDTTest" name="testCreateUser" time="1.553"/>
  <testcase classname="api.tests.DDTTest" name="testCreateUser" time="1.325"/>
  <testcase classname="api.tests.DDTTest" name="testCreateUser" time="4.564"/>
  <testcase classname="api.tests.DDTTest" name="testdeleteUserByName" time="1.602"/>
  <testcase classname="api.tests.DDTTest" name="testdeleteUserByName" time="1.432"/>
  <testcase classname="api.tests.DDTTest" name="testdeleteUserByName" time="1.372"/>
</testsuite> <!-- api.tests.DDTTest -->
