<?xml version="1.0" encoding="UTF-8"?>
<!-- Generated by org.testng.reporters.JUnitReportReporter -->
<testsuite hostname="LAPTOP-NPEQ6NRP" failures="0" tests="6" name="api.tests.DDTTest_FromProperties" time="12.735" errors="0" timestamp="2026-06-11T18:40:17 IST" skipped="0">
  <testcase classname="api.tests.DDTTest_FromProperties" name="testCreateUser" time="2.471"/>
  <testcase classname="api.tests.DDTTest_FromProperties" name="testCreateUser" time="5.309"/>
  <testcase classname="api.tests.DDTTest_FromProperties" name="testCreateUser" time="1.223"/>
  <testcase classname="api.tests.DDTTest_FromProperties" name="testdeleteUserByName" time="1.324"/>
  <testcase classname="api.tests.DDTTest_FromProperties" name="testdeleteUserByName" time="1.268"/>
  <testcase classname="api.tests.DDTTest_FromProperties" name="testdeleteUserByName" time="1.140"/>
</testsuite> <!-- api.tests.DDTTest_FromProperties -->
